<?xml version="1.0" encoding="UTF-8"?>
<testsuite xmlns:xsi="http://www.w3.org/2001/XMLSchema-instance" xsi:noNamespaceSchemaLocation="https://maven.apache.org/surefire/maven-surefire-plugin/xsd/surefire-test-report.xsd" name="br.com.kio.gridsync.ChargingServiceTest" time="0.063" tests="4" errors="0" skipped="0" failures="0">
  <properties>
[...]
</properties>
  <testcase name="testDisconnectDevice" classname="br.com.kio.gridsync.ChargingServiceTest" time="0.04"/>
  <testcase name="testConnectDevice" classname="br.com.kio.gridsync.ChargingServiceTest" time="0.001"/>
  <testcase name="testFindBestStation" classname="br.com.kio.gridsync.ChargingServiceTest" time="0.003"/>
  <testcase name="testMaxDevices" classname="br.com.kio.gridsync.ChargingServiceTest" time="0.012"/>
</testsuite>